# JRE version: Java(TM) SE Runtime Environment (8.0_91-b14) (build 1.8.0_91-b14)
# Java VM: Java HotSpot(TM) 64-Bit Server VM (25.91-b14 mixed mode windows-amd64 compressed oops)
Heap:
 PSYoungGen      total 19456K, used 14833K [0x00000000f0000000, 0x00000000f1c00000, 0x0000000100000000)
  eden space 14336K, 67% used [0x00000000f0000000,0x00000000f097ee98,0x00000000f0e00000)
  from space 5120K, 99% used [0x00000000f1400000,0x00000000f18fd6b8,0x00000000f1900000)
  to   space 6144K, 0% used [0x00000000f0e00000,0x00000000f0e00000,0x00000000f1400000)
 ParOldGen       total 9216K, used 5158K [0x00000000d0000000, 0x00000000d0900000, 0x00000000f0000000)
  object space 9216K, 55% used [0x00000000d0000000,0x00000000d0509998,0x00000000d0900000)
 Metaspace       used 9457K, capacity 10036K, committed 10368K, reserved 1058816K
  class space    used 1048K, capacity 1072K, committed 1152K, reserved 1048576K
GC Heap History (10 events):
Event: 0.681 GC heap before
{Heap before GC invocations=5 (full 0):
 PSYoungGen      total 6656K, used 6640K [0x00000000f0000000, 0x00000000f0700000, 0x0000000100000000)
  eden space 6144K, 100% used [0x00000000f0000000,0x00000000f0600000,0x00000000f0600000)
  from space 512K, 96% used [0x00000000f0680000,0x00000000f06fc020,0x00000000f0700000)
  to   space 512K, 0% used [0x00000000f0600000,0x00000000f0600000,0x00000000f0680000)
 ParOldGen       total 5632K, used 849K [0x00000000d0000000, 0x00000000d0580000, 0x00000000f0000000)
  object space 5632K, 15% used [0x00000000d0000000,0x00000000d00d4560,0x00000000d0580000)
 Metaspace       used 7428K, capacity 8308K, committed 8448K, reserved 1056768K
  class space    used 894K, capacity 944K, committed 1024K, reserved 1048576K
Event: 0.688 GC heap after
Heap after GC invocations=5 (full 0):
 PSYoungGen      total 6656K, used 512K [0x00000000f0000000, 0x00000000f1200000, 0x0000000100000000)
  eden space 6144K, 0% used [0x00000000f0000000,0x00000000f0000000,0x00000000f0600000)
  from space 512K, 100% used [0x00000000f0600000,0x00000000f0680000,0x00000000f0680000)
  to   space 3072K, 0% used [0x00000000f0f00000,0x00000000f0f00000,0x00000000f1200000)
 ParOldGen       total 5632K, used 3808K [0x00000000d0000000, 0x00000000d0580000, 0x00000000f0000000)
  object space 5632K, 67% used [0x00000000d0000000,0x00000000d03b83d8,0x00000000d0580000)
 Metaspace       used 7428K, capacity 8308K, committed 8448K, reserved 1056768K
  class space    used 894K, capacity 944K, committed 1024K, reserved 1048576K
}
Event: 0.689 GC heap before
{Heap before GC invocations=6 (full 1):
 PSYoungGen      total 6656K, used 512K [0x00000000f0000000, 0x00000000f1200000, 0x0000000100000000)
  eden space 6144K, 0% used [0x00000000f0000000,0x00000000f0000000,0x00000000f0600000)
  from space 512K, 100% used [0x00000000f0600000,0x00000000f0680000,0x00000000f0680000)
  to   space 3072K, 0% used [0x00000000f0f00000,0x00000000f0f00000,0x00000000f1200000)
 ParOldGen       total 5632K, used 3808K [0x00000000d0000000, 0x00000000d0580000, 0x00000000f0000000)
  object space 5632K, 67% used [0x00000000d0000000,0x00000000d03b83d8,0x00000000d0580000)
 Metaspace       used 7428K, capacity 8308K, committed 8448K, reserved 1056768K
  class space    used 894K, capacity 944K, committed 1024K, reserved 1048576K
Event: 0.721 GC heap after
Heap after GC invocations=6 (full 1):
 PSYoungGen      total 6656K, used 0K [0x00000000f0000000, 0x00000000f1200000, 0x0000000100000000)
  eden space 6144K, 0% used [0x00000000f0000000,0x00000000f0000000,0x00000000f0600000)
  from space 512K, 0% used [0x00000000f0600000,0x00000000f0600000,0x00000000f0680000)
  to   space 3072K, 0% used [0x00000000f0f00000,0x00000000f0f00000,0x00000000f1200000)
 ParOldGen       total 9216K, used 4270K [0x00000000d0000000, 0x00000000d0900000, 0x00000000f0000000)
  object space 9216K, 46% used [0x00000000d0000000,0x00000000d042b998,0x00000000d0900000)
 Metaspace       used 7428K, capacity 8308K, committed 8448K, reserved 1056768K
  class space    used 894K, capacity 944K, committed 1024K, reserved 1048576K
}
Event: 0.837 GC heap before
{Heap before GC invocations=7 (full 1):
 PSYoungGen      total 6656K, used 6144K [0x00000000f0000000, 0x00000000f1200000, 0x0000000100000000)
  eden space 6144K, 100% used [0x00000000f0000000,0x00000000f0600000,0x00000000f0600000)
  from space 512K, 0% used [0x00000000f0600000,0x00000000f0600000,0x00000000f0680000)
  to   space 3072K, 0% used [0x00000000f0f00000,0x00000000f0f00000,0x00000000f1200000)
 ParOldGen       total 9216K, used 4270K [0x00000000d0000000, 0x00000000d0900000, 0x00000000f0000000)
  object space 9216K, 46% used [0x00000000d0000000,0x00000000d042b998,0x00000000d0900000)
 Metaspace       used 7472K, capacity 8308K, committed 8448K, reserved 1056768K
  class space    used 896K, capacity 944K, committed 1024K, reserved 1048576K
Event: 0.851 GC heap after
Heap after GC invocations=7 (full 1):
 PSYoungGen      total 12288K, used 3042K [0x00000000f0000000, 0x00000000f1200000, 0x0000000100000000)
  eden space 9216K, 0% used [0x00000000f0000000,0x00000000f0000000,0x00000000f0900000)
  from space 3072K, 99% used [0x00000000f0f00000,0x00000000f11f8bb0,0x00000000f1200000)
  to   space 4096K, 0% used [0x00000000f0a00000,0x00000000f0a00000,0x00000000f0e00000)
 ParOldGen       total 9216K, used 5142K [0x00000000d0000000, 0x00000000d0900000, 0x00000000f0000000)
  object space 9216K, 55% used [0x00000000d0000000,0x00000000d0505998,0x00000000d0900000)
 Metaspace       used 7472K, capacity 8308K, committed 8448K, reserved 1056768K
  class space    used 896K, capacity 944K, committed 1024K, reserved 1048576K
}
Event: 1.215 GC heap before
{Heap before GC invocations=8 (full 1):
 PSYoungGen      total 12288K, used 12258K [0x00000000f0000000, 0x00000000f1200000, 0x0000000100000000)
  eden space 9216K, 100% used [0x00000000f0000000,0x00000000f0900000,0x00000000f0900000)
  from space 3072K, 99% used [0x00000000f0f00000,0x00000000f11f8bb0,0x00000000f1200000)
  to   space 4096K, 0% used [0x00000000f0a00000,0x00000000f0a00000,0x00000000f0e00000)
 ParOldGen       total 9216K, used 5142K [0x00000000d0000000, 0x00000000d0900000, 0x00000000f0000000)
  object space 9216K, 55% used [0x00000000d0000000,0x00000000d0505998,0x00000000d0900000)
 Metaspace       used 8197K, capacity 8884K, committed 8960K, reserved 1056768K
  class space    used 974K, capacity 1008K, committed 1024K, reserved 1048576K
Event: 1.294 GC heap after
Heap after GC invocations=8 (full 1):
 PSYoungGen      total 14336K, used 4053K [0x00000000f0000000, 0x00000000f1900000, 0x0000000100000000)
  eden space 10240K, 0% used [0x00000000f0000000,0x00000000f0000000,0x00000000f0a00000)
  from space 4096K, 98% used [0x00000000f0a00000,0x00000000f0df56a8,0x00000000f0e00000)
  to   space 5120K, 0% used [0x00000000f1400000,0x00000000f1400000,0x00000000f1900000)
 ParOldGen       total 9216K, used 5150K [0x00000000d0000000, 0x00000000d0900000, 0x00000000f0000000)
  object space 9216K, 55% used [0x00000000d0000000,0x00000000d0507998,0x00000000d0900000)
 Metaspace       used 8197K, capacity 8884K, committed 8960K, reserved 1056768K
  class space    used 974K, capacity 1008K, committed 1024K, reserved 1048576K
}
Event: 1.843 GC heap before
{Heap before GC invocations=9 (full 1):
 PSYoungGen      total 14336K, used 14293K [0x00000000f0000000, 0x00000000f1900000, 0x0000000100000000)
  eden space 10240K, 100% used [0x00000000f0000000,0x00000000f0a00000,0x00000000f0a00000)
  from space 4096K, 98% used [0x00000000f0a00000,0x00000000f0df56a8,0x00000000f0e00000)
  to   space 5120K, 0% used [0x00000000f1400000,0x00000000f1400000,0x00000000f1900000)
 ParOldGen       total 9216K, used 5150K [0x00000000d0000000, 0x00000000d0900000, 0x00000000f0000000)
  object space 9216K, 55% used [0x00000000d0000000,0x00000000d0507998,0x00000000d0900000)
 Metaspace       used 8712K, capacity 9332K, committed 9472K, reserved 1058816K
  class space    used 996K, capacity 1008K, committed 1024K, reserved 1048576K
Event: 1.856 GC heap after
Heap after GC invocations=9 (full 1):
 PSYoungGen      total 19456K, used 5109K [0x00000000f0000000, 0x00000000f1c00000, 0x0000000100000000)
  eden space 14336K, 0% used [0x00000000f0000000,0x00000000f0000000,0x00000000f0e00000)
  from space 5120K, 99% used [0x00000000f1400000,0x00000000f18fd6b8,0x00000000f1900000)
  to   space 6144K, 0% used [0x00000000f0e00000,0x00000000f0e00000,0x00000000f1400000)
 ParOldGen       total 9216K, used 5158K [0x00000000d0000000, 0x00000000d0900000, 0x00000000f0000000)
  object space 9216K, 55% used [0x00000000d0000000,0x00000000d0509998,0x00000000d0900000)
 Metaspace       used 8712K, capacity 9332K, committed 9472K, reserved 1058816K
  class space    used 996K, capacity 1008K, committed 1024K, reserved 1048576K
}

